iisexpress.exe Warning: 0 : 2018-09-16 22:56:08.420 +08:00 [Warning] AuthorizationCodeStore not configured - falling back to InMemory
iisexpress.exe Warning: 0 : 2018-09-16 22:56:08.425 +08:00 [Warning] TokenHandleStore not configured - falling back to InMemory
iisexpress.exe Warning: 0 : 2018-09-16 22:56:08.425 +08:00 [Warning] ConsentStore not configured - falling back to InMemory
iisexpress.exe Warning: 0 : 2018-09-16 22:56:08.425 +08:00 [Warning] RefreshTokenStore not configured - falling back to InMemory
iisexpress.exe Information: 0 : 2018-09-16 22:56:08.832 +08:00 [Information] Start discovery request
iisexpress.exe Information: 0 : 2018-09-16 22:56:09.100 +08:00 [Information] Start key discovery request
iisexpress.exe Information: 0 : 2018-09-16 22:56:09.182 +08:00 [Information] Start authorize request
iisexpress.exe Information: 0 : 2018-09-16 22:56:09.187 +08:00 [Information] Start authorize request protocol validation
iisexpress.exe Information: 0 : 2018-09-16 22:56:09.214 +08:00 [Information] "Authorize request validation success"
 "{
  \"ClientId\": \"OSIMHybrid\",
  \"ClientName\": \"OSIM Hybrid\",
  \"RedirectUri\": \"https://localhost:44333/\",
  \"AllowedRedirectUris\": [
    \"https://localhost:44333/\"
  ],
  \"SubjectId\": \"unknown\",
  \"ResponseType\": \"code id_token token\",
  \"ResponseMode\": \"form_post\",
  \"Flow\": \"Hybrid\",
  \"RequestedScopes\": \"openid profile roles\",
  \"State\": \"OpenIdConnect.AuthenticationProperties=BR_j4UEagoE1HRGo6f4wAVz5lActW_xKq0wVFm8SjxwUfvvt925L4RO3thQ3-GerQdrP5dteszPNBPhg1JLNu3Hpjs8TEekjZdB4d5ar_ViQBXpDCP6Qz48zQiBT_lKZA0yg1VLuJi5W8yCroRP3qRPirHZe_f-9-wKRvQIafLWJb1gotIFO6EF857BxVa0UVanbL0KvLuA8COFlgeeBLw\",
  \"Nonce\": \"636727065691264525.ZmZiOTBjYzUtYzEwZC00NzFkLWI2OTItMWMzOWQwMzkzMmY2ZWY0OTU5OWItZmU1YS00N2FlLWE4ODUtMzY3NzkyOTk4Y2Q5\",
  \"Raw\": {
    \"client_id\": \"OSIMHybrid\",
    \"redirect_uri\": \"https://localhost:44333/\",
    \"response_mode\": \"form_post\",
    \"response_type\": \"id_token code token\",
    \"scope\": \"openid profile roles\",
    \"state\": \"OpenIdConnect.AuthenticationProperties=BR_j4UEagoE1HRGo6f4wAVz5lActW_xKq0wVFm8SjxwUfvvt925L4RO3thQ3-GerQdrP5dteszPNBPhg1JLNu3Hpjs8TEekjZdB4d5ar_ViQBXpDCP6Qz48zQiBT_lKZA0yg1VLuJi5W8yCroRP3qRPirHZe_f-9-wKRvQIafLWJb1gotIFO6EF857BxVa0UVanbL0KvLuA8COFlgeeBLw\",
    \"nonce\": \"636727065691264525.ZmZiOTBjYzUtYzEwZC00NzFkLWI2OTItMWMzOWQwMzkzMmY2ZWY0OTU5OWItZmU1YS00N2FlLWE4ODUtMzY3NzkyOTk4Y2Q5\",
    \"x-client-SKU\": \"ID_NET451\",
    \"x-client-ver\": \"5.2.1.0\"
  }
}"
iisexpress.exe Information: 0 : 2018-09-16 22:56:09.217 +08:00 [Information] User is not authenticated. Redirecting to login.
iisexpress.exe Information: 0 : 2018-09-16 22:56:09.223 +08:00 [Information] End authorize request
iisexpress.exe Information: 0 : 2018-09-16 22:56:09.224 +08:00 [Information] Redirecting to login page
2018-09-16 22:56:09.232 +08:00 [Debug] Protecting message: "{\"ReturnUrl\":\"https://localhost:44389/identity/connect/authorize?client_id=OSIMHybrid&redirect_uri=https%3A%2F%2Flocalhost%3A44333%2F&response_mode=form_post&response_type=id_token%20code%20token&scope=openid%20profile%20roles&state=OpenIdConnect.AuthenticationProperties%3DBR_j4UEagoE1HRGo6f4wAVz5lActW_xKq0wVFm8SjxwUfvvt925L4RO3thQ3-GerQdrP5dteszPNBPhg1JLNu3Hpjs8TEekjZdB4d5ar_ViQBXpDCP6Qz48zQiBT_lKZA0yg1VLuJi5W8yCroRP3qRPirHZe_f-9-wKRvQIafLWJb1gotIFO6EF857BxVa0UVanbL0KvLuA8COFlgeeBLw&nonce=636727065691264525.ZmZiOTBjYzUtYzEwZC00NzFkLWI2OTItMWMzOWQwMzkzMmY2ZWY0OTU5OWItZmU1YS00N2FlLWE4ODUtMzY3NzkyOTk4Y2Q5&x-client-SKU=ID_NET451&x-client-ver=5.2.1.0\",\"ClientId\":\"OSIMHybrid\",\"AcrValues\":[],\"Created\":636727065691574525}"
iisexpress.exe Information: 0 : 2018-09-16 22:56:09.264 +08:00 [Information] Login page requested
2018-09-16 22:56:09.295 +08:00 [Debug] signin message passed to login: "{
  \"ReturnUrl\": \"https://localhost:44389/identity/connect/authorize?client_id=OSIMHybrid&redirect_uri=https%3A%2F%2Flocalhost%3A44333%2F&response_mode=form_post&response_type=id_token%20code%20token&scope=openid%20profile%20roles&state=OpenIdConnect.AuthenticationProperties%3DBR_j4UEagoE1HRGo6f4wAVz5lActW_xKq0wVFm8SjxwUfvvt925L4RO3thQ3-GerQdrP5dteszPNBPhg1JLNu3Hpjs8TEekjZdB4d5ar_ViQBXpDCP6Qz48zQiBT_lKZA0yg1VLuJi5W8yCroRP3qRPirHZe_f-9-wKRvQIafLWJb1gotIFO6EF857BxVa0UVanbL0KvLuA8COFlgeeBLw&nonce=636727065691264525.ZmZiOTBjYzUtYzEwZC00NzFkLWI2OTItMWMzOWQwMzkzMmY2ZWY0OTU5OWItZmU1YS00N2FlLWE4ODUtMzY3NzkyOTk4Y2Q5&x-client-SKU=ID_NET451&x-client-ver=5.2.1.0\",
  \"ClientId\": \"OSIMHybrid\",
  \"IdP\": null,
  \"Tenant\": null,
  \"LoginHint\": null,
  \"DisplayMode\": null,
  \"UiLocales\": null,
  \"AcrValues\": [],
  \"Created\": 636727065691574525
}"
iisexpress.exe Information: 0 : 2018-09-16 22:56:09.302 +08:00 [Information] rendering login page
iisexpress.exe Information: 0 : 2018-09-16 22:56:17.570 +08:00 [Information] Login page submitted
iisexpress.exe Information: 0 : 2018-09-16 22:56:17.573 +08:00 [Information] Login credentials successfully validated by user service
iisexpress.exe Information: 0 : 2018-09-16 22:56:17.580 +08:00 [Information] Calling PostAuthenticateAsync on the user service
iisexpress.exe Information: 0 : 2018-09-16 22:56:17.583 +08:00 [Information] issuing primary signin cookie
iisexpress.exe Information: 0 : 2018-09-16 22:56:17.586 +08:00 [Information] redirecting to: https://localhost:44389/identity/connect/authorize?client_id=OSIMHybrid&redirect_uri=https:%2F%2Flocalhost:44333%2F&response_mode=form_post&response_type=id_token code token&scope=openid profile roles&state=OpenIdConnect.AuthenticationProperties%3DBR_j4UEagoE1HRGo6f4wAVz5lActW_xKq0wVFm8SjxwUfvvt925L4RO3thQ3-GerQdrP5dteszPNBPhg1JLNu3Hpjs8TEekjZdB4d5ar_ViQBXpDCP6Qz48zQiBT_lKZA0yg1VLuJi5W8yCroRP3qRPirHZe_f-9-wKRvQIafLWJb1gotIFO6EF857BxVa0UVanbL0KvLuA8COFlgeeBLw&nonce=636727065691264525.ZmZiOTBjYzUtYzEwZC00NzFkLWI2OTItMWMzOWQwMzkzMmY2ZWY0OTU5OWItZmU1YS00N2FlLWE4ODUtMzY3NzkyOTk4Y2Q5&x-client-SKU=ID_NET451&x-client-ver=5.2.1.0
iisexpress.exe Information: 0 : 2018-09-16 22:56:17.605 +08:00 [Information] Start authorize request
iisexpress.exe Information: 0 : 2018-09-16 22:56:17.605 +08:00 [Information] Start authorize request protocol validation
iisexpress.exe Information: 0 : 2018-09-16 22:56:17.605 +08:00 [Information] "Authorize request validation success"
 "{
  \"ClientId\": \"OSIMHybrid\",
  \"ClientName\": \"OSIM Hybrid\",
  \"RedirectUri\": \"https://localhost:44333/\",
  \"AllowedRedirectUris\": [
    \"https://localhost:44333/\"
  ],
  \"SubjectId\": \"b05d3546-6ca8-4d32-b95c-77e94d705ddf\",
  \"ResponseType\": \"code id_token token\",
  \"ResponseMode\": \"form_post\",
  \"Flow\": \"Hybrid\",
  \"RequestedScopes\": \"openid profile roles\",
  \"State\": \"OpenIdConnect.AuthenticationProperties=BR_j4UEagoE1HRGo6f4wAVz5lActW_xKq0wVFm8SjxwUfvvt925L4RO3thQ3-GerQdrP5dteszPNBPhg1JLNu3Hpjs8TEekjZdB4d5ar_ViQBXpDCP6Qz48zQiBT_lKZA0yg1VLuJi5W8yCroRP3qRPirHZe_f-9-wKRvQIafLWJb1gotIFO6EF857BxVa0UVanbL0KvLuA8COFlgeeBLw\",
  \"Nonce\": \"636727065691264525.ZmZiOTBjYzUtYzEwZC00NzFkLWI2OTItMWMzOWQwMzkzMmY2ZWY0OTU5OWItZmU1YS00N2FlLWE4ODUtMzY3NzkyOTk4Y2Q5\",
  \"SessionId\": \"44380c6e6b4d326e38bb0a67090515db\",
  \"Raw\": {
    \"client_id\": \"OSIMHybrid\",
    \"redirect_uri\": \"https://localhost:44333/\",
    \"response_mode\": \"form_post\",
    \"response_type\": \"id_token code token\",
    \"scope\": \"openid profile roles\",
    \"state\": \"OpenIdConnect.AuthenticationProperties=BR_j4UEagoE1HRGo6f4wAVz5lActW_xKq0wVFm8SjxwUfvvt925L4RO3thQ3-GerQdrP5dteszPNBPhg1JLNu3Hpjs8TEekjZdB4d5ar_ViQBXpDCP6Qz48zQiBT_lKZA0yg1VLuJi5W8yCroRP3qRPirHZe_f-9-wKRvQIafLWJb1gotIFO6EF857BxVa0UVanbL0KvLuA8COFlgeeBLw\",
    \"nonce\": \"636727065691264525.ZmZiOTBjYzUtYzEwZC00NzFkLWI2OTItMWMzOWQwMzkzMmY2ZWY0OTU5OWItZmU1YS00N2FlLWE4ODUtMzY3NzkyOTk4Y2Q5\",
    \"x-client-SKU\": \"ID_NET451\",
    \"x-client-ver\": \"5.2.1.0\"
  }
}"
iisexpress.exe Error: 0 : 2018-09-16 22:56:17.609 +08:00 [Error] Unhandled exception accessing: /identity/connect/authorize
System.InvalidOperationException: Sequence contains more than one element
   at System.Linq.Enumerable.SingleOrDefault[TSource](IEnumerable`1 source)
   at IdentityServer3.Core.Services.InMemory.InMemoryUserService.IsActiveAsync(IsActiveContext context) in c:\local\temp\IdentityServer3\source\Core\Services\InMemory\InMemoryUserService.cs:line 155
   at IdentityServer3.Core.Services.Default.ExternalClaimsFilterUserService.IsActiveAsync(IsActiveContext context) in c:\local\temp\IdentityServer3\source\Core\Services\ExternalClaimsFilter\ExternalClaimsFilterUserService.cs:line 65
   at IdentityServer3.Core.ResponseHandling.AuthorizeInteractionResponseGenerator.<ProcessLoginAsync>d__a.MoveNext() in c:\local\temp\IdentityServer3\source\Core\ResponseHandling\AuthorizeInteractionResponseGenerator.cs:line 126
--- End of stack trace from previous location where exception was thrown ---
   at System.Runtime.CompilerServices.TaskAwaiter.ThrowForNonSuccess(Task task)
   at System.Runtime.CompilerServices.TaskAwaiter.HandleNonSuccessAndDebuggerNotification(Task task)
   at System.Runtime.CompilerServices.TaskAwaiter.ValidateEnd(Task task)
   at IdentityServer3.Core.Endpoints.AuthorizeEndpointController.<ProcessRequestAsync>d__4.MoveNext() in c:\local\temp\IdentityServer3\source\Core\Endpoints\Connect\AuthorizeEndpointController.cs:line 125
--- End of stack trace from previous location where exception was thrown ---
   at System.Runtime.CompilerServices.TaskAwaiter.ThrowForNonSuccess(Task task)
   at System.Runtime.CompilerServices.TaskAwaiter.HandleNonSuccessAndDebuggerNotification(Task task)
   at IdentityServer3.Core.Endpoints.AuthorizeEndpointController.<Get>d__0.MoveNext() in c:\local\temp\IdentityServer3\source\Core\Endpoints\Connect\AuthorizeEndpointController.cs:line 104
--- End of stack trace from previous location where exception was thrown ---
   at System.Runtime.CompilerServices.TaskAwaiter.ThrowForNonSuccess(Task task)
   at System.Runtime.CompilerServices.TaskAwaiter.HandleNonSuccessAndDebuggerNotification(Task task)
   at System.Threading.Tasks.System.Web.Http911064.TaskHelpersExtensions.<CastToObject>d__3`1.MoveNext() in c:\local\temp\IdentityServer3\source\Core\Configuration\Hosting\ValidateAntiForgeryTokenAttribute.cs:line 0
--- End of stack trace from previous location where exception was thrown ---
   at System.Runtime.CompilerServices.TaskAwaiter.ThrowForNonSuccess(Task task)
   at System.Runtime.CompilerServices.TaskAwaiter.HandleNonSuccessAndDebuggerNotification(Task task)
   at System.Web.Http.Controllers.ApiControllerActionInvoker.<InvokeActionAsyncCore>d__0.MoveNext() in c:\local\temp\IdentityServer3\source\Core\Configuration\Hosting\ValidateAntiForgeryTokenAttribute.cs:line 0
--- End of stack trace from previous location where exception was thrown ---
   at System.Runtime.CompilerServices.TaskAwaiter.ThrowForNonSuccess(Task task)
   at System.Runtime.CompilerServices.TaskAwaiter.HandleNonSuccessAndDebuggerNotification(Task task)
   at System.Web.Http.Filters.ActionFilterAttribute.<CallOnActionExecutedAsync>d__5.MoveNext() in c:\local\temp\IdentityServer3\source\Core\Configuration\Hosting\ValidateAntiForgeryTokenAttribute.cs:line 0
--- End of stack trace from previous location where exception was thrown ---
   at System.Web.Http.Filters.ActionFilterAttribute.<CallOnActionExecutedAsync>d__5.MoveNext() in c:\local\temp\IdentityServer3\source\Core\Configuration\Hosting\ValidateAntiForgeryTokenAttribute.cs:line 0
--- End of stack trace from previous location where exception was thrown ---
   at System.Runtime.CompilerServices.TaskAwaiter.ThrowForNonSuccess(Task task)
   at System.Runtime.CompilerServices.TaskAwaiter.HandleNonSuccessAndDebuggerNotification(Task task)
   at System.Web.Http.Filters.ActionFilterAttribute.<ExecuteActionFilterAsyncCore>d__0.MoveNext() in c:\local\temp\IdentityServer3\source\Core\Configuration\Hosting\ValidateAntiForgeryTokenAttribute.cs:line 0
--- End of stack trace from previous location where exception was thrown ---
   at System.Runtime.CompilerServices.TaskAwaiter.ThrowForNonSuccess(Task task)
   at System.Runtime.CompilerServices.TaskAwaiter.HandleNonSuccessAndDebuggerNotification(Task task)
   at System.Web.Http.Filters.ActionFilterAttribute.<CallOnActionExecutedAsync>d__5.MoveNext() in c:\local\temp\IdentityServer3\source\Core\Configuration\Hosting\ValidateAntiForgeryTokenAttribute.cs:line 0
--- End of stack trace from previous location where exception was thrown ---
   at System.Web.Http.Filters.ActionFilterAttribute.<CallOnActionExecutedAsync>d__5.MoveNext() in c:\local\temp\IdentityServer3\source\Core\Configuration\Hosting\ValidateAntiForgeryTokenAttribute.cs:line 0
--- End of stack trace from previous location where exception was thrown ---
   at System.Runtime.CompilerServices.TaskAwaiter.ThrowForNonSuccess(Task task)
   at System.Runtime.CompilerServices.TaskAwaiter.HandleNonSuccessAndDebuggerNotification(Task task)
   at System.Web.Http.Filters.ActionFilterAttribute.<ExecuteActionFilterAsyncCore>d__0.MoveNext() in c:\local\temp\IdentityServer3\source\Core\Configuration\Hosting\ValidateAntiForgeryTokenAttribute.cs:line 0
--- End of stack trace from previous location where exception was thrown ---
   at System.Runtime.CompilerServices.TaskAwaiter.ThrowForNonSuccess(Task task)
   at System.Runtime.CompilerServices.TaskAwaiter.HandleNonSuccessAndDebuggerNotification(Task task)
   at System.Web.Http.Controllers.ActionFilterResult.<ExecuteAsync>d__2.MoveNext() in c:\local\temp\IdentityServer3\source\Core\Configuration\Hosting\ValidateAntiForgeryTokenAttribute.cs:line 0
--- End of stack trace from previous location where exception was thrown ---
   at System.Runtime.CompilerServices.TaskAwaiter.ThrowForNonSuccess(Task task)
   at System.Runtime.CompilerServices.TaskAwaiter.HandleNonSuccessAndDebuggerNotification(Task task)
   at System.Web.Http.Filters.AuthorizationFilterAttribute.<ExecuteAuthorizationFilterAsyncCore>d__2.MoveNext() in c:\local\temp\IdentityServer3\source\Core\Configuration\Hosting\ValidateAntiForgeryTokenAttribute.cs:line 0
--- End of stack trace from previous location where exception was thrown ---
   at System.Runtime.CompilerServices.TaskAwaiter.ThrowForNonSuccess(Task task)
   at System.Runtime.CompilerServices.TaskAwaiter.HandleNonSuccessAndDebuggerNotification(Task task)
   at System.Web.Http.Controllers.AuthenticationFilterResult.<ExecuteAsync>d__0.MoveNext() in c:\local\temp\IdentityServer3\source\Core\Configuration\Hosting\ValidateAntiForgeryTokenAttribute.cs:line 0
--- End of stack trace from previous location where exception was thrown ---
   at System.Runtime.CompilerServices.TaskAwaiter.ThrowForNonSuccess(Task task)
   at System.Runtime.CompilerServices.TaskAwaiter.HandleNonSuccessAndDebuggerNotification(Task task)
   at System.Web.Http.Controllers.ExceptionFilterResult.<ExecuteAsync>d__0.MoveNext() in c:\local\temp\IdentityServer3\source\Core\Configuration\Hosting\ValidateAntiForgeryTokenAttribute.cs:line 0
iisexpress.exe Warning: 0 : 2018-09-16 23:01:43.931 +08:00 [Warning] AuthorizationCodeStore not configured - falling back to InMemory
iisexpress.exe Warning: 0 : 2018-09-16 23:01:43.935 +08:00 [Warning] TokenHandleStore not configured - falling back to InMemory
iisexpress.exe Warning: 0 : 2018-09-16 23:01:43.935 +08:00 [Warning] ConsentStore not configured - falling back to InMemory
iisexpress.exe Warning: 0 : 2018-09-16 23:01:43.935 +08:00 [Warning] RefreshTokenStore not configured - falling back to InMemory
iisexpress.exe Information: 0 : 2018-09-16 23:01:44.289 +08:00 [Information] Start discovery request
iisexpress.exe Information: 0 : 2018-09-16 23:01:44.545 +08:00 [Information] Start key discovery request
iisexpress.exe Information: 0 : 2018-09-16 23:01:44.641 +08:00 [Information] Start authorize request
iisexpress.exe Information: 0 : 2018-09-16 23:01:44.646 +08:00 [Information] Start authorize request protocol validation
iisexpress.exe Information: 0 : 2018-09-16 23:01:44.680 +08:00 [Information] "Authorize request validation success"
 "{
  \"ClientId\": \"OSIMHybrid\",
  \"ClientName\": \"OSIM Hybrid\",
  \"RedirectUri\": \"https://localhost:44333/\",
  \"AllowedRedirectUris\": [
    \"https://localhost:44333/\"
  ],
  \"SubjectId\": \"unknown\",
  \"ResponseType\": \"code id_token token\",
  \"ResponseMode\": \"form_post\",
  \"Flow\": \"Hybrid\",
  \"RequestedScopes\": \"openid profile roles\",
  \"State\": \"OpenIdConnect.AuthenticationProperties=8dwHU20bgEDyvsPn_lRpntbwDVAFVLki1dSOBRdtZt39Ex1q1z1BC2Y_n-N8texLJSULBvBM1zGswZnJCGlKEUL3pH1fcjikXPCb73sa2BA3O9dhaB3hO4aekz270a70bZbQy1VJsZdwwB5NdUSofGzowolJfJvWS1blo_H-82IS0DmK2OCP146COupYjTSIxkbufAnZxdzwP0ME31r9aw\",
  \"Nonce\": \"636727069045764525.MjM4ZDgyNmMtNTg0Yy00M2I1LWIwMzYtMDcwZTJhMGJjZDU2ZTgxYTBjMGQtNmVkMS00Njc3LTlhY2YtOGNiYjY0OTFjMTZk\",
  \"Raw\": {
    \"client_id\": \"OSIMHybrid\",
    \"redirect_uri\": \"https://localhost:44333/\",
    \"response_mode\": \"form_post\",
    \"response_type\": \"id_token code token\",
    \"scope\": \"openid profile roles\",
    \"state\": \"OpenIdConnect.AuthenticationProperties=8dwHU20bgEDyvsPn_lRpntbwDVAFVLki1dSOBRdtZt39Ex1q1z1BC2Y_n-N8texLJSULBvBM1zGswZnJCGlKEUL3pH1fcjikXPCb73sa2BA3O9dhaB3hO4aekz270a70bZbQy1VJsZdwwB5NdUSofGzowolJfJvWS1blo_H-82IS0DmK2OCP146COupYjTSIxkbufAnZxdzwP0ME31r9aw\",
    \"nonce\": \"636727069045764525.MjM4ZDgyNmMtNTg0Yy00M2I1LWIwMzYtMDcwZTJhMGJjZDU2ZTgxYTBjMGQtNmVkMS00Njc3LTlhY2YtOGNiYjY0OTFjMTZk\",
    \"x-client-SKU\": \"ID_NET451\",
    \"x-client-ver\": \"5.2.1.0\"
  }
}"
iisexpress.exe Information: 0 : 2018-09-16 23:01:44.683 +08:00 [Information] User is not authenticated. Redirecting to login.
iisexpress.exe Information: 0 : 2018-09-16 23:01:44.689 +08:00 [Information] End authorize request
iisexpress.exe Information: 0 : 2018-09-16 23:01:44.690 +08:00 [Information] Redirecting to login page
2018-09-16 23:01:44.699 +08:00 [Debug] Protecting message: "{\"ReturnUrl\":\"https://localhost:44389/identity/connect/authorize?client_id=OSIMHybrid&redirect_uri=https%3A%2F%2Flocalhost%3A44333%2F&response_mode=form_post&response_type=id_token%20code%20token&scope=openid%20profile%20roles&state=OpenIdConnect.AuthenticationProperties%3D8dwHU20bgEDyvsPn_lRpntbwDVAFVLki1dSOBRdtZt39Ex1q1z1BC2Y_n-N8texLJSULBvBM1zGswZnJCGlKEUL3pH1fcjikXPCb73sa2BA3O9dhaB3hO4aekz270a70bZbQy1VJsZdwwB5NdUSofGzowolJfJvWS1blo_H-82IS0DmK2OCP146COupYjTSIxkbufAnZxdzwP0ME31r9aw&nonce=636727069045764525.MjM4ZDgyNmMtNTg0Yy00M2I1LWIwMzYtMDcwZTJhMGJjZDU2ZTgxYTBjMGQtNmVkMS00Njc3LTlhY2YtOGNiYjY0OTFjMTZk&x-client-SKU=ID_NET451&x-client-ver=5.2.1.0\",\"ClientId\":\"OSIMHybrid\",\"AcrValues\":[],\"Created\":636727069046154525}"
iisexpress.exe Information: 0 : 2018-09-16 23:01:44.729 +08:00 [Information] Login page requested
2018-09-16 23:01:44.759 +08:00 [Debug] signin message passed to login: "{
  \"ReturnUrl\": \"https://localhost:44389/identity/connect/authorize?client_id=OSIMHybrid&redirect_uri=https%3A%2F%2Flocalhost%3A44333%2F&response_mode=form_post&response_type=id_token%20code%20token&scope=openid%20profile%20roles&state=OpenIdConnect.AuthenticationProperties%3D8dwHU20bgEDyvsPn_lRpntbwDVAFVLki1dSOBRdtZt39Ex1q1z1BC2Y_n-N8texLJSULBvBM1zGswZnJCGlKEUL3pH1fcjikXPCb73sa2BA3O9dhaB3hO4aekz270a70bZbQy1VJsZdwwB5NdUSofGzowolJfJvWS1blo_H-82IS0DmK2OCP146COupYjTSIxkbufAnZxdzwP0ME31r9aw&nonce=636727069045764525.MjM4ZDgyNmMtNTg0Yy00M2I1LWIwMzYtMDcwZTJhMGJjZDU2ZTgxYTBjMGQtNmVkMS00Njc3LTlhY2YtOGNiYjY0OTFjMTZk&x-client-SKU=ID_NET451&x-client-ver=5.2.1.0\",
  \"ClientId\": \"OSIMHybrid\",
  \"IdP\": null,
  \"Tenant\": null,
  \"LoginHint\": null,
  \"DisplayMode\": null,
  \"UiLocales\": null,
  \"AcrValues\": [],
  \"Created\": 636727069046154525
}"
iisexpress.exe Information: 0 : 2018-09-16 23:01:44.766 +08:00 [Information] rendering login page
iisexpress.exe Information: 0 : 2018-09-16 23:01:54.894 +08:00 [Information] Login page submitted
iisexpress.exe Information: 0 : 2018-09-16 23:01:54.897 +08:00 [Information] Login credentials successfully validated by user service
iisexpress.exe Information: 0 : 2018-09-16 23:01:54.907 +08:00 [Information] Calling PostAuthenticateAsync on the user service
iisexpress.exe Information: 0 : 2018-09-16 23:01:54.910 +08:00 [Information] issuing primary signin cookie
iisexpress.exe Information: 0 : 2018-09-16 23:01:54.913 +08:00 [Information] redirecting to: https://localhost:44389/identity/connect/authorize?client_id=OSIMHybrid&redirect_uri=https:%2F%2Flocalhost:44333%2F&response_mode=form_post&response_type=id_token code token&scope=openid profile roles&state=OpenIdConnect.AuthenticationProperties%3D8dwHU20bgEDyvsPn_lRpntbwDVAFVLki1dSOBRdtZt39Ex1q1z1BC2Y_n-N8texLJSULBvBM1zGswZnJCGlKEUL3pH1fcjikXPCb73sa2BA3O9dhaB3hO4aekz270a70bZbQy1VJsZdwwB5NdUSofGzowolJfJvWS1blo_H-82IS0DmK2OCP146COupYjTSIxkbufAnZxdzwP0ME31r9aw&nonce=636727069045764525.MjM4ZDgyNmMtNTg0Yy00M2I1LWIwMzYtMDcwZTJhMGJjZDU2ZTgxYTBjMGQtNmVkMS00Njc3LTlhY2YtOGNiYjY0OTFjMTZk&x-client-SKU=ID_NET451&x-client-ver=5.2.1.0
iisexpress.exe Information: 0 : 2018-09-16 23:01:54.931 +08:00 [Information] Start authorize request
iisexpress.exe Information: 0 : 2018-09-16 23:01:54.931 +08:00 [Information] Start authorize request protocol validation
iisexpress.exe Information: 0 : 2018-09-16 23:01:54.931 +08:00 [Information] "Authorize request validation success"
 "{
  \"ClientId\": \"OSIMHybrid\",
  \"ClientName\": \"OSIM Hybrid\",
  \"RedirectUri\": \"https://localhost:44333/\",
  \"AllowedRedirectUris\": [
    \"https://localhost:44333/\"
  ],
  \"SubjectId\": \"b05d3546-6ca8-4d32-b95c-77e94d705ddf\",
  \"ResponseType\": \"code id_token token\",
  \"ResponseMode\": \"form_post\",
  \"Flow\": \"Hybrid\",
  \"RequestedScopes\": \"openid profile roles\",
  \"State\": \"OpenIdConnect.AuthenticationProperties=8dwHU20bgEDyvsPn_lRpntbwDVAFVLki1dSOBRdtZt39Ex1q1z1BC2Y_n-N8texLJSULBvBM1zGswZnJCGlKEUL3pH1fcjikXPCb73sa2BA3O9dhaB3hO4aekz270a70bZbQy1VJsZdwwB5NdUSofGzowolJfJvWS1blo_H-82IS0DmK2OCP146COupYjTSIxkbufAnZxdzwP0ME31r9aw\",
  \"Nonce\": \"636727069045764525.MjM4ZDgyNmMtNTg0Yy00M2I1LWIwMzYtMDcwZTJhMGJjZDU2ZTgxYTBjMGQtNmVkMS00Njc3LTlhY2YtOGNiYjY0OTFjMTZk\",
  \"SessionId\": \"1f0abf81cfa0fd982a072c9270239b64\",
  \"Raw\": {
    \"client_id\": \"OSIMHybrid\",
    \"redirect_uri\": \"https://localhost:44333/\",
    \"response_mode\": \"form_post\",
    \"response_type\": \"id_token code token\",
    \"scope\": \"openid profile roles\",
    \"state\": \"OpenIdConnect.AuthenticationProperties=8dwHU20bgEDyvsPn_lRpntbwDVAFVLki1dSOBRdtZt39Ex1q1z1BC2Y_n-N8texLJSULBvBM1zGswZnJCGlKEUL3pH1fcjikXPCb73sa2BA3O9dhaB3hO4aekz270a70bZbQy1VJsZdwwB5NdUSofGzowolJfJvWS1blo_H-82IS0DmK2OCP146COupYjTSIxkbufAnZxdzwP0ME31r9aw\",
    \"nonce\": \"636727069045764525.MjM4ZDgyNmMtNTg0Yy00M2I1LWIwMzYtMDcwZTJhMGJjZDU2ZTgxYTBjMGQtNmVkMS00Njc3LTlhY2YtOGNiYjY0OTFjMTZk\",
    \"x-client-SKU\": \"ID_NET451\",
    \"x-client-ver\": \"5.2.1.0\"
  }
}"
iisexpress.exe Information: 0 : 2018-09-16 23:01:54.936 +08:00 [Information] Showing consent screen
iisexpress.exe Information: 0 : 2018-09-16 23:01:54.938 +08:00 [Information] End authorize request
iisexpress.exe Information: 0 : 2018-09-16 23:02:14.971 +08:00 [Information] Resuming from consent, restarting validation
iisexpress.exe Information: 0 : 2018-09-16 23:02:14.972 +08:00 [Information] Start authorize request protocol validation
iisexpress.exe Information: 0 : 2018-09-16 23:02:14.972 +08:00 [Information] "Authorize request validation success"
 "{
  \"ClientId\": \"OSIMHybrid\",
  \"ClientName\": \"OSIM Hybrid\",
  \"RedirectUri\": \"https://localhost:44333/\",
  \"AllowedRedirectUris\": [
    \"https://localhost:44333/\"
  ],
  \"SubjectId\": \"b05d3546-6ca8-4d32-b95c-77e94d705ddf\",
  \"ResponseType\": \"code id_token token\",
  \"ResponseMode\": \"form_post\",
  \"Flow\": \"Hybrid\",
  \"RequestedScopes\": \"openid profile roles\",
  \"State\": \"OpenIdConnect.AuthenticationProperties=8dwHU20bgEDyvsPn_lRpntbwDVAFVLki1dSOBRdtZt39Ex1q1z1BC2Y_n-N8texLJSULBvBM1zGswZnJCGlKEUL3pH1fcjikXPCb73sa2BA3O9dhaB3hO4aekz270a70bZbQy1VJsZdwwB5NdUSofGzowolJfJvWS1blo_H-82IS0DmK2OCP146COupYjTSIxkbufAnZxdzwP0ME31r9aw\",
  \"Nonce\": \"636727069045764525.MjM4ZDgyNmMtNTg0Yy00M2I1LWIwMzYtMDcwZTJhMGJjZDU2ZTgxYTBjMGQtNmVkMS00Njc3LTlhY2YtOGNiYjY0OTFjMTZk\",
  \"SessionId\": \"1f0abf81cfa0fd982a072c9270239b64\",
  \"Raw\": {
    \"client_id\": \"OSIMHybrid\",
    \"redirect_uri\": \"https://localhost:44333/\",
    \"response_mode\": \"form_post\",
    \"response_type\": \"id_token code token\",
    \"scope\": \"openid profile roles\",
    \"state\": \"OpenIdConnect.AuthenticationProperties=8dwHU20bgEDyvsPn_lRpntbwDVAFVLki1dSOBRdtZt39Ex1q1z1BC2Y_n-N8texLJSULBvBM1zGswZnJCGlKEUL3pH1fcjikXPCb73sa2BA3O9dhaB3hO4aekz270a70bZbQy1VJsZdwwB5NdUSofGzowolJfJvWS1blo_H-82IS0DmK2OCP146COupYjTSIxkbufAnZxdzwP0ME31r9aw\",
    \"nonce\": \"636727069045764525.MjM4ZDgyNmMtNTg0Yy00M2I1LWIwMzYtMDcwZTJhMGJjZDU2ZTgxYTBjMGQtNmVkMS00Njc3LTlhY2YtOGNiYjY0OTFjMTZk\",
    \"x-client-SKU\": \"ID_NET451\",
    \"x-client-ver\": \"5.2.1.0\"
  }
}"
iisexpress.exe Information: 0 : 2018-09-16 23:02:15.043 +08:00 [Information] Creating Hybrid Flow response.
iisexpress.exe Information: 0 : 2018-09-16 23:02:15.059 +08:00 [Information] Creating Implicit Flow response.
2018-09-16 23:02:15.064 +08:00 [Debug] Creating access token
2018-09-16 23:02:15.077 +08:00 [Debug] Creating JWT access token
2018-09-16 23:02:15.218 +08:00 [Debug] Creating identity token
iisexpress.exe Information: 0 : 2018-09-16 23:02:15.220 +08:00 [Information] Getting claims for identity token for subject: b05d3546-6ca8-4d32-b95c-77e94d705ddf
2018-09-16 23:02:15.222 +08:00 [Debug] Creating JWT identity token
2018-09-16 23:02:15.231 +08:00 [Debug] Adding client "OSIMHybrid" to client list cookie for subject "b05d3546-6ca8-4d32-b95c-77e94d705ddf"
iisexpress.exe Information: 0 : 2018-09-16 23:02:15.235 +08:00 [Information] Posting to https://localhost:44333/
2018-09-16 23:02:15.235 +08:00 [Debug] Using DefaultViewService to render authorization response HTML
iisexpress.exe Warning: 0 : 2018-09-16 23:08:54.680 +08:00 [Warning] AuthorizationCodeStore not configured - falling back to InMemory
iisexpress.exe Warning: 0 : 2018-09-16 23:08:54.684 +08:00 [Warning] TokenHandleStore not configured - falling back to InMemory
iisexpress.exe Warning: 0 : 2018-09-16 23:08:54.684 +08:00 [Warning] ConsentStore not configured - falling back to InMemory
iisexpress.exe Warning: 0 : 2018-09-16 23:08:54.684 +08:00 [Warning] RefreshTokenStore not configured - falling back to InMemory
iisexpress.exe Information: 0 : 2018-09-16 23:08:55.017 +08:00 [Information] Start discovery request
iisexpress.exe Information: 0 : 2018-09-16 23:08:55.416 +08:00 [Information] Start key discovery request
iisexpress.exe Information: 0 : 2018-09-16 23:08:55.506 +08:00 [Information] Start authorize request
iisexpress.exe Information: 0 : 2018-09-16 23:08:55.511 +08:00 [Information] Start authorize request protocol validation
iisexpress.exe Information: 0 : 2018-09-16 23:08:55.537 +08:00 [Information] "Authorize request validation success"
 "{
  \"ClientId\": \"OSIMHybrid\",
  \"ClientName\": \"OSIM Hybrid\",
  \"RedirectUri\": \"https://localhost:44333/\",
  \"AllowedRedirectUris\": [
    \"https://localhost:44333/\"
  ],
  \"SubjectId\": \"b05d3546-6ca8-4d32-b95c-77e94d705ddf\",
  \"ResponseType\": \"code id_token token\",
  \"ResponseMode\": \"form_post\",
  \"Flow\": \"Hybrid\",
  \"RequestedScopes\": \"openid profile roles\",
  \"State\": \"OpenIdConnect.AuthenticationProperties=DsNUsXXDbiem2YX0QdGBovxAv1S5Jcj--X0OZBEINzCgaCMV0WYqRiODH0Tgy-fZiLZjQA12WZZjhIHCQIn3V2OkUGzMXmXOb5_c6sVnKeTjXuRXdPegmDPi2NI21nxvBArLNtFY1epJ0UV7STFojwCXCaHxbJUH8ERcbkq2WOdG-e4x38oizZJ9IzUDcPIdf9bor1klSB0Ny7b3FJ1sUg\",
  \"Nonce\": \"636727073354454525.MTJlNTQ3Y2UtMTAxNC00NjUzLTk0YTUtYjMxNTE5OWRmMmZlZTA1NWE2ODYtN2EyNy00YmI2LTljMTAtYzE2YTljZmFlYWFl\",
  \"SessionId\": \"1f0abf81cfa0fd982a072c9270239b64\",
  \"Raw\": {
    \"client_id\": \"OSIMHybrid\",
    \"redirect_uri\": \"https://localhost:44333/\",
    \"response_mode\": \"form_post\",
    \"response_type\": \"id_token code token\",
    \"scope\": \"openid profile roles\",
    \"state\": \"OpenIdConnect.AuthenticationProperties=DsNUsXXDbiem2YX0QdGBovxAv1S5Jcj--X0OZBEINzCgaCMV0WYqRiODH0Tgy-fZiLZjQA12WZZjhIHCQIn3V2OkUGzMXmXOb5_c6sVnKeTjXuRXdPegmDPi2NI21nxvBArLNtFY1epJ0UV7STFojwCXCaHxbJUH8ERcbkq2WOdG-e4x38oizZJ9IzUDcPIdf9bor1klSB0Ny7b3FJ1sUg\",
    \"nonce\": \"636727073354454525.MTJlNTQ3Y2UtMTAxNC00NjUzLTk0YTUtYjMxNTE5OWRmMmZlZTA1NWE2ODYtN2EyNy00YmI2LTljMTAtYzE2YTljZmFlYWFl\",
    \"x-client-SKU\": \"ID_NET451\",
    \"x-client-ver\": \"5.2.1.0\"
  }
}"
iisexpress.exe Information: 0 : 2018-09-16 23:08:55.546 +08:00 [Information] Showing consent screen
iisexpress.exe Information: 0 : 2018-09-16 23:08:55.555 +08:00 [Information] End authorize request
iisexpress.exe Information: 0 : 2018-09-16 23:09:10.155 +08:00 [Information] Resuming from consent, restarting validation
iisexpress.exe Information: 0 : 2018-09-16 23:09:10.155 +08:00 [Information] Start authorize request protocol validation
iisexpress.exe Information: 0 : 2018-09-16 23:09:10.155 +08:00 [Information] "Authorize request validation success"
 "{
  \"ClientId\": \"OSIMHybrid\",
  \"ClientName\": \"OSIM Hybrid\",
  \"RedirectUri\": \"https://localhost:44333/\",
  \"AllowedRedirectUris\": [
    \"https://localhost:44333/\"
  ],
  \"SubjectId\": \"b05d3546-6ca8-4d32-b95c-77e94d705ddf\",
  \"ResponseType\": \"code id_token token\",
  \"ResponseMode\": \"form_post\",
  \"Flow\": \"Hybrid\",
  \"RequestedScopes\": \"openid profile roles\",
  \"State\": \"OpenIdConnect.AuthenticationProperties=DsNUsXXDbiem2YX0QdGBovxAv1S5Jcj--X0OZBEINzCgaCMV0WYqRiODH0Tgy-fZiLZjQA12WZZjhIHCQIn3V2OkUGzMXmXOb5_c6sVnKeTjXuRXdPegmDPi2NI21nxvBArLNtFY1epJ0UV7STFojwCXCaHxbJUH8ERcbkq2WOdG-e4x38oizZJ9IzUDcPIdf9bor1klSB0Ny7b3FJ1sUg\",
  \"Nonce\": \"636727073354454525.MTJlNTQ3Y2UtMTAxNC00NjUzLTk0YTUtYjMxNTE5OWRmMmZlZTA1NWE2ODYtN2EyNy00YmI2LTljMTAtYzE2YTljZmFlYWFl\",
  \"SessionId\": \"1f0abf81cfa0fd982a072c9270239b64\",
  \"Raw\": {
    \"client_id\": \"OSIMHybrid\",
    \"redirect_uri\": \"https://localhost:44333/\",
    \"response_mode\": \"form_post\",
    \"response_type\": \"id_token code token\",
    \"scope\": \"openid profile roles\",
    \"state\": \"OpenIdConnect.AuthenticationProperties=DsNUsXXDbiem2YX0QdGBovxAv1S5Jcj--X0OZBEINzCgaCMV0WYqRiODH0Tgy-fZiLZjQA12WZZjhIHCQIn3V2OkUGzMXmXOb5_c6sVnKeTjXuRXdPegmDPi2NI21nxvBArLNtFY1epJ0UV7STFojwCXCaHxbJUH8ERcbkq2WOdG-e4x38oizZJ9IzUDcPIdf9bor1klSB0Ny7b3FJ1sUg\",
    \"nonce\": \"636727073354454525.MTJlNTQ3Y2UtMTAxNC00NjUzLTk0YTUtYjMxNTE5OWRmMmZlZTA1NWE2ODYtN2EyNy00YmI2LTljMTAtYzE2YTljZmFlYWFl\",
    \"x-client-SKU\": \"ID_NET451\",
    \"x-client-ver\": \"5.2.1.0\"
  }
}"
iisexpress.exe Information: 0 : 2018-09-16 23:09:10.162 +08:00 [Information] Creating Hybrid Flow response.
iisexpress.exe Information: 0 : 2018-09-16 23:09:10.169 +08:00 [Information] Creating Implicit Flow response.
2018-09-16 23:09:10.171 +08:00 [Debug] Creating access token
2018-09-16 23:09:10.176 +08:00 [Debug] Creating JWT access token
2018-09-16 23:09:10.215 +08:00 [Debug] Creating identity token
iisexpress.exe Information: 0 : 2018-09-16 23:09:10.218 +08:00 [Information] Getting claims for identity token for subject: b05d3546-6ca8-4d32-b95c-77e94d705ddf
2018-09-16 23:09:10.219 +08:00 [Debug] Creating JWT identity token
2018-09-16 23:09:10.228 +08:00 [Debug] Adding client "OSIMHybrid" to client list cookie for subject "b05d3546-6ca8-4d32-b95c-77e94d705ddf"
iisexpress.exe Information: 0 : 2018-09-16 23:09:10.247 +08:00 [Information] Posting to https://localhost:44333/
2018-09-16 23:09:10.247 +08:00 [Debug] Using DefaultViewService to render authorization response HTML
iisexpress.exe Warning: 0 : 2018-09-17 07:01:33.116 +08:00 [Warning] AuthorizationCodeStore not configured - falling back to InMemory
iisexpress.exe Warning: 0 : 2018-09-17 07:01:33.120 +08:00 [Warning] TokenHandleStore not configured - falling back to InMemory
iisexpress.exe Warning: 0 : 2018-09-17 07:01:33.120 +08:00 [Warning] ConsentStore not configured - falling back to InMemory
iisexpress.exe Warning: 0 : 2018-09-17 07:01:33.121 +08:00 [Warning] RefreshTokenStore not configured - falling back to InMemory
iisexpress.exe Information: 0 : 2018-09-17 07:01:33.456 +08:00 [Information] Start discovery request
iisexpress.exe Information: 0 : 2018-09-17 07:01:33.754 +08:00 [Information] Start key discovery request
iisexpress.exe Information: 0 : 2018-09-17 07:01:33.843 +08:00 [Information] Start authorize request
iisexpress.exe Information: 0 : 2018-09-17 07:01:33.848 +08:00 [Information] Start authorize request protocol validation
iisexpress.exe Information: 0 : 2018-09-17 07:01:33.875 +08:00 [Information] "Authorize request validation success"
 "{
  \"ClientId\": \"OSIMHybrid\",
  \"ClientName\": \"OSIM Hybrid\",
  \"RedirectUri\": \"https://localhost:44333/\",
  \"AllowedRedirectUris\": [
    \"https://localhost:44333/\"
  ],
  \"SubjectId\": \"b05d3546-6ca8-4d32-b95c-77e94d705ddf\",
  \"ResponseType\": \"code id_token token\",
  \"ResponseMode\": \"form_post\",
  \"Flow\": \"Hybrid\",
  \"RequestedScopes\": \"openid profile roles\",
  \"State\": \"OpenIdConnect.AuthenticationProperties=VCpvC7McPGLpdueaTNTIc7834bQAizfCShH2etnU4K7D725zdr6OhJaDzIxwJ2BBkzJG595RYSrZQ3vtKwhnGeiI347f0Qh_v2Q__j77iO2qiSI1h1Z1uBQXLhlxBdK9neSXWroOiXkZqKU_b95GiUJpP8L1iP4T7E_-zt0K-r2b3fwx46ZEsEj4Injbgzp36EtaW2N0apxuqp_fGGciyA\",
  \"Nonce\": \"636727356937782999.YzYxY2VmZTgtOGQyNy00NzRjLWEyMTYtYTM1MzFjNWVhNjkxNTIxNDJhYTctMjZkZC00M2FiLWEwNjYtNTAxNzBlNTM4OTBk\",
  \"SessionId\": \"1f0abf81cfa0fd982a072c9270239b64\",
  \"Raw\": {
    \"client_id\": \"OSIMHybrid\",
    \"redirect_uri\": \"https://localhost:44333/\",
    \"response_mode\": \"form_post\",
    \"response_type\": \"id_token code token\",
    \"scope\": \"openid profile roles\",
    \"state\": \"OpenIdConnect.AuthenticationProperties=VCpvC7McPGLpdueaTNTIc7834bQAizfCShH2etnU4K7D725zdr6OhJaDzIxwJ2BBkzJG595RYSrZQ3vtKwhnGeiI347f0Qh_v2Q__j77iO2qiSI1h1Z1uBQXLhlxBdK9neSXWroOiXkZqKU_b95GiUJpP8L1iP4T7E_-zt0K-r2b3fwx46ZEsEj4Injbgzp36EtaW2N0apxuqp_fGGciyA\",
    \"nonce\": \"636727356937782999.YzYxY2VmZTgtOGQyNy00NzRjLWEyMTYtYTM1MzFjNWVhNjkxNTIxNDJhYTctMjZkZC00M2FiLWEwNjYtNTAxNzBlNTM4OTBk\",
    \"x-client-SKU\": \"ID_NET451\",
    \"x-client-ver\": \"5.2.1.0\"
  }
}"
iisexpress.exe Information: 0 : 2018-09-17 07:01:33.883 +08:00 [Information] Showing consent screen
iisexpress.exe Information: 0 : 2018-09-17 07:01:33.892 +08:00 [Information] End authorize request
iisexpress.exe Information: 0 : 2018-09-17 07:01:43.407 +08:00 [Information] Resuming from consent, restarting validation
iisexpress.exe Information: 0 : 2018-09-17 07:01:43.407 +08:00 [Information] Start authorize request protocol validation
iisexpress.exe Information: 0 : 2018-09-17 07:01:43.407 +08:00 [Information] "Authorize request validation success"
 "{
  \"ClientId\": \"OSIMHybrid\",
  \"ClientName\": \"OSIM Hybrid\",
  \"RedirectUri\": \"https://localhost:44333/\",
  \"AllowedRedirectUris\": [
    \"https://localhost:44333/\"
  ],
  \"SubjectId\": \"b05d3546-6ca8-4d32-b95c-77e94d705ddf\",
  \"ResponseType\": \"code id_token token\",
  \"ResponseMode\": \"form_post\",
  \"Flow\": \"Hybrid\",
  \"RequestedScopes\": \"openid profile roles\",
  \"State\": \"OpenIdConnect.AuthenticationProperties=VCpvC7McPGLpdueaTNTIc7834bQAizfCShH2etnU4K7D725zdr6OhJaDzIxwJ2BBkzJG595RYSrZQ3vtKwhnGeiI347f0Qh_v2Q__j77iO2qiSI1h1Z1uBQXLhlxBdK9neSXWroOiXkZqKU_b95GiUJpP8L1iP4T7E_-zt0K-r2b3fwx46ZEsEj4Injbgzp36EtaW2N0apxuqp_fGGciyA\",
  \"Nonce\": \"636727356937782999.YzYxY2VmZTgtOGQyNy00NzRjLWEyMTYtYTM1MzFjNWVhNjkxNTIxNDJhYTctMjZkZC00M2FiLWEwNjYtNTAxNzBlNTM4OTBk\",
  \"SessionId\": \"1f0abf81cfa0fd982a072c9270239b64\",
  \"Raw\": {
    \"client_id\": \"OSIMHybrid\",
    \"redirect_uri\": \"https://localhost:44333/\",
    \"response_mode\": \"form_post\",
    \"response_type\": \"id_token code token\",
    \"scope\": \"openid profile roles\",
    \"state\": \"OpenIdConnect.AuthenticationProperties=VCpvC7McPGLpdueaTNTIc7834bQAizfCShH2etnU4K7D725zdr6OhJaDzIxwJ2BBkzJG595RYSrZQ3vtKwhnGeiI347f0Qh_v2Q__j77iO2qiSI1h1Z1uBQXLhlxBdK9neSXWroOiXkZqKU_b95GiUJpP8L1iP4T7E_-zt0K-r2b3fwx46ZEsEj4Injbgzp36EtaW2N0apxuqp_fGGciyA\",
    \"nonce\": \"636727356937782999.YzYxY2VmZTgtOGQyNy00NzRjLWEyMTYtYTM1MzFjNWVhNjkxNTIxNDJhYTctMjZkZC00M2FiLWEwNjYtNTAxNzBlNTM4OTBk\",
    \"x-client-SKU\": \"ID_NET451\",
    \"x-client-ver\": \"5.2.1.0\"
  }
}"
iisexpress.exe Information: 0 : 2018-09-17 07:01:43.415 +08:00 [Information] Creating Hybrid Flow response.
iisexpress.exe Information: 0 : 2018-09-17 07:01:43.422 +08:00 [Information] Creating Implicit Flow response.
2018-09-17 07:01:43.424 +08:00 [Debug] Creating access token
2018-09-17 07:01:43.429 +08:00 [Debug] Creating JWT access token
2018-09-17 07:01:43.478 +08:00 [Debug] Creating identity token
iisexpress.exe Information: 0 : 2018-09-17 07:01:43.481 +08:00 [Information] Getting claims for identity token for subject: b05d3546-6ca8-4d32-b95c-77e94d705ddf
2018-09-17 07:01:43.482 +08:00 [Debug] Creating JWT identity token
2018-09-17 07:01:43.491 +08:00 [Debug] Adding client "OSIMHybrid" to client list cookie for subject "b05d3546-6ca8-4d32-b95c-77e94d705ddf"
iisexpress.exe Information: 0 : 2018-09-17 07:01:43.511 +08:00 [Information] Posting to https://localhost:44333/
2018-09-17 07:01:43.511 +08:00 [Debug] Using DefaultViewService to render authorization response HTML
iisexpress.exe Warning: 0 : 2018-09-17 07:30:30.379 +08:00 [Warning] AuthorizationCodeStore not configured - falling back to InMemory
iisexpress.exe Warning: 0 : 2018-09-17 07:30:30.416 +08:00 [Warning] TokenHandleStore not configured - falling back to InMemory
iisexpress.exe Warning: 0 : 2018-09-17 07:30:30.416 +08:00 [Warning] ConsentStore not configured - falling back to InMemory
iisexpress.exe Warning: 0 : 2018-09-17 07:30:30.417 +08:00 [Warning] RefreshTokenStore not configured - falling back to InMemory
iisexpress.exe Information: 0 : 2018-09-17 07:30:30.769 +08:00 [Information] Start discovery request
iisexpress.exe Information: 0 : 2018-09-17 07:30:31.208 +08:00 [Information] Start key discovery request
iisexpress.exe Information: 0 : 2018-09-17 07:30:31.339 +08:00 [Information] Start authorize request
iisexpress.exe Information: 0 : 2018-09-17 07:30:31.346 +08:00 [Information] Start authorize request protocol validation
iisexpress.exe Information: 0 : 2018-09-17 07:30:31.376 +08:00 [Information] "Authorize request validation success"
 "{
  \"ClientId\": \"OSIMHybrid\",
  \"ClientName\": \"OSIM Hybrid\",
  \"RedirectUri\": \"https://localhost:44333/\",
  \"AllowedRedirectUris\": [
    \"https://localhost:44333/\"
  ],
  \"SubjectId\": \"b05d3546-6ca8-4d32-b95c-77e94d705ddf\",
  \"ResponseType\": \"code id_token token\",
  \"ResponseMode\": \"form_post\",
  \"Flow\": \"Hybrid\",
  \"RequestedScopes\": \"openid profile roles\",
  \"State\": \"OpenIdConnect.AuthenticationProperties=HQbPlb8qfE-9USyO3MDPQnF6Iapz3sZWDnVvlkeYOWztFmA67LRn09MtgejsjHd7MP3_jrEJnJmc5eRYXKZv9U0Psw73oBvSNf173m-D2yrs12fzjzGLooeYyypm7EoBzuyauCPudYU0S_QzENaLB28nO4piJLZNH2FfUCSc540UmlY9F6uAC5xvYyevlMOqvyGpsPZAz80BwToFvId09A\",
  \"Nonce\": \"636727374312379877.N2M5MTkzMzktM2FmNC00ZTVlLTgyNWEtZmFmYjc0YzRjMjBiMmM4OWFkZTAtYTQ1Yy00NDNlLTllMzktYWJiYzljNmVmMjVm\",
  \"SessionId\": \"1f0abf81cfa0fd982a072c9270239b64\",
  \"Raw\": {
    \"client_id\": \"OSIMHybrid\",
    \"redirect_uri\": \"https://localhost:44333/\",
    \"response_mode\": \"form_post\",
    \"response_type\": \"id_token code token\",
    \"scope\": \"openid profile roles\",
    \"state\": \"OpenIdConnect.AuthenticationProperties=HQbPlb8qfE-9USyO3MDPQnF6Iapz3sZWDnVvlkeYOWztFmA67LRn09MtgejsjHd7MP3_jrEJnJmc5eRYXKZv9U0Psw73oBvSNf173m-D2yrs12fzjzGLooeYyypm7EoBzuyauCPudYU0S_QzENaLB28nO4piJLZNH2FfUCSc540UmlY9F6uAC5xvYyevlMOqvyGpsPZAz80BwToFvId09A\",
    \"nonce\": \"636727374312379877.N2M5MTkzMzktM2FmNC00ZTVlLTgyNWEtZmFmYjc0YzRjMjBiMmM4OWFkZTAtYTQ1Yy00NDNlLTllMzktYWJiYzljNmVmMjVm\",
    \"x-client-SKU\": \"ID_NET451\",
    \"x-client-ver\": \"5.2.1.0\"
  }
}"
iisexpress.exe Information: 0 : 2018-09-17 07:30:31.385 +08:00 [Information] Showing consent screen
iisexpress.exe Information: 0 : 2018-09-17 07:30:31.394 +08:00 [Information] End authorize request
iisexpress.exe Information: 0 : 2018-09-17 07:30:34.664 +08:00 [Information] Resuming from consent, restarting validation
iisexpress.exe Information: 0 : 2018-09-17 07:30:34.665 +08:00 [Information] Start authorize request protocol validation
iisexpress.exe Information: 0 : 2018-09-17 07:30:34.665 +08:00 [Information] "Authorize request validation success"
 "{
  \"ClientId\": \"OSIMHybrid\",
  \"ClientName\": \"OSIM Hybrid\",
  \"RedirectUri\": \"https://localhost:44333/\",
  \"AllowedRedirectUris\": [
    \"https://localhost:44333/\"
  ],
  \"SubjectId\": \"b05d3546-6ca8-4d32-b95c-77e94d705ddf\",
  \"ResponseType\": \"code id_token token\",
  \"ResponseMode\": \"form_post\",
  \"Flow\": \"Hybrid\",
  \"RequestedScopes\": \"openid profile roles\",
  \"State\": \"OpenIdConnect.AuthenticationProperties=HQbPlb8qfE-9USyO3MDPQnF6Iapz3sZWDnVvlkeYOWztFmA67LRn09MtgejsjHd7MP3_jrEJnJmc5eRYXKZv9U0Psw73oBvSNf173m-D2yrs12fzjzGLooeYyypm7EoBzuyauCPudYU0S_QzENaLB28nO4piJLZNH2FfUCSc540UmlY9F6uAC5xvYyevlMOqvyGpsPZAz80BwToFvId09A\",
  \"Nonce\": \"636727374312379877.N2M5MTkzMzktM2FmNC00ZTVlLTgyNWEtZmFmYjc0YzRjMjBiMmM4OWFkZTAtYTQ1Yy00NDNlLTllMzktYWJiYzljNmVmMjVm\",
  \"SessionId\": \"1f0abf81cfa0fd982a072c9270239b64\",
  \"Raw\": {
    \"client_id\": \"OSIMHybrid\",
    \"redirect_uri\": \"https://localhost:44333/\",
    \"response_mode\": \"form_post\",
    \"response_type\": \"id_token code token\",
    \"scope\": \"openid profile roles\",
    \"state\": \"OpenIdConnect.AuthenticationProperties=HQbPlb8qfE-9USyO3MDPQnF6Iapz3sZWDnVvlkeYOWztFmA67LRn09MtgejsjHd7MP3_jrEJnJmc5eRYXKZv9U0Psw73oBvSNf173m-D2yrs12fzjzGLooeYyypm7EoBzuyauCPudYU0S_QzENaLB28nO4piJLZNH2FfUCSc540UmlY9F6uAC5xvYyevlMOqvyGpsPZAz80BwToFvId09A\",
    \"nonce\": \"636727374312379877.N2M5MTkzMzktM2FmNC00ZTVlLTgyNWEtZmFmYjc0YzRjMjBiMmM4OWFkZTAtYTQ1Yy00NDNlLTllMzktYWJiYzljNmVmMjVm\",
    \"x-client-SKU\": \"ID_NET451\",
    \"x-client-ver\": \"5.2.1.0\"
  }
}"
iisexpress.exe Information: 0 : 2018-09-17 07:30:34.671 +08:00 [Information] Creating Hybrid Flow response.
iisexpress.exe Information: 0 : 2018-09-17 07:30:34.678 +08:00 [Information] Creating Implicit Flow response.
2018-09-17 07:30:34.680 +08:00 [Debug] Creating access token
2018-09-17 07:30:34.684 +08:00 [Debug] Creating JWT access token
2018-09-17 07:30:34.758 +08:00 [Debug] Creating identity token
iisexpress.exe Information: 0 : 2018-09-17 07:30:34.760 +08:00 [Information] Getting claims for identity token for subject: b05d3546-6ca8-4d32-b95c-77e94d705ddf
2018-09-17 07:30:34.762 +08:00 [Debug] Creating JWT identity token
2018-09-17 07:30:34.770 +08:00 [Debug] Adding client "OSIMHybrid" to client list cookie for subject "b05d3546-6ca8-4d32-b95c-77e94d705ddf"
iisexpress.exe Information: 0 : 2018-09-17 07:30:34.790 +08:00 [Information] Posting to https://localhost:44333/
2018-09-17 07:30:34.790 +08:00 [Debug] Using DefaultViewService to render authorization response HTML
iisexpress.exe Information: 0 : 2018-09-17 07:35:42.607 +08:00 [Information] Start authorize request
iisexpress.exe Information: 0 : 2018-09-17 07:35:42.607 +08:00 [Information] Start authorize request protocol validation
iisexpress.exe Information: 0 : 2018-09-17 07:35:42.607 +08:00 [Information] "Authorize request validation success"
 "{
  \"ClientId\": \"OSIMHybrid\",
  \"ClientName\": \"OSIM Hybrid\",
  \"RedirectUri\": \"https://localhost:44333/\",
  \"AllowedRedirectUris\": [
    \"https://localhost:44333/\"
  ],
  \"SubjectId\": \"b05d3546-6ca8-4d32-b95c-77e94d705ddf\",
  \"ResponseType\": \"code id_token token\",
  \"ResponseMode\": \"form_post\",
  \"Flow\": \"Hybrid\",
  \"RequestedScopes\": \"openid profile roles\",
  \"State\": \"OpenIdConnect.AuthenticationProperties=tbRO781DwTZO4CAMH2-VRi0r-m4gQORL4myLydZW6S6dwp2BrO1yyObzRqJ93FvLjOt-IwU3284DRzTo5JttQupxHzTFdZJ52tjWOSMGpxePc0PBwqzpgN8C-z7Mrlu7tlhPjd9haLp6RM3UPsMCPt8gy7rRvlFjJCh7mh2rGgOxhSS7jmHyLz-VA8iYPSU-OB5rXHgbhjTisK1Lu7cl0g\",
  \"Nonce\": \"636727377425970073.NmFkMWUzZmQtOGRmZi00MmU0LWExNTItNTkyMWU0M2RkYTlkM2Q3NzhlZDAtY2YzNC00ODBhLTk4NjUtNDcyZGE2ZGEwMGZk\",
  \"SessionId\": \"1f0abf81cfa0fd982a072c9270239b64\",
  \"Raw\": {
    \"client_id\": \"OSIMHybrid\",
    \"redirect_uri\": \"https://localhost:44333/\",
    \"response_mode\": \"form_post\",
    \"response_type\": \"id_token code token\",
    \"scope\": \"openid profile roles\",
    \"state\": \"OpenIdConnect.AuthenticationProperties=tbRO781DwTZO4CAMH2-VRi0r-m4gQORL4myLydZW6S6dwp2BrO1yyObzRqJ93FvLjOt-IwU3284DRzTo5JttQupxHzTFdZJ52tjWOSMGpxePc0PBwqzpgN8C-z7Mrlu7tlhPjd9haLp6RM3UPsMCPt8gy7rRvlFjJCh7mh2rGgOxhSS7jmHyLz-VA8iYPSU-OB5rXHgbhjTisK1Lu7cl0g\",
    \"nonce\": \"636727377425970073.NmFkMWUzZmQtOGRmZi00MmU0LWExNTItNTkyMWU0M2RkYTlkM2Q3NzhlZDAtY2YzNC00ODBhLTk4NjUtNDcyZGE2ZGEwMGZk\",
    \"x-client-SKU\": \"ID_NET451\",
    \"x-client-ver\": \"5.2.1.0\"
  }
}"
iisexpress.exe Information: 0 : 2018-09-17 07:35:42.608 +08:00 [Information] Creating Hybrid Flow response.
iisexpress.exe Information: 0 : 2018-09-17 07:35:42.608 +08:00 [Information] Creating Implicit Flow response.
2018-09-17 07:35:42.608 +08:00 [Debug] Creating access token
2018-09-17 07:35:42.608 +08:00 [Debug] Creating JWT access token
2018-09-17 07:35:42.616 +08:00 [Debug] Creating identity token
iisexpress.exe Information: 0 : 2018-09-17 07:35:42.616 +08:00 [Information] Getting claims for identity token for subject: b05d3546-6ca8-4d32-b95c-77e94d705ddf
2018-09-17 07:35:42.616 +08:00 [Debug] Creating JWT identity token
2018-09-17 07:35:42.624 +08:00 [Debug] Adding client "OSIMHybrid" to client list cookie for subject "b05d3546-6ca8-4d32-b95c-77e94d705ddf"
iisexpress.exe Information: 0 : 2018-09-17 07:35:42.624 +08:00 [Information] End authorize request
iisexpress.exe Information: 0 : 2018-09-17 07:35:42.624 +08:00 [Information] Posting to https://localhost:44333/
2018-09-17 07:35:42.624 +08:00 [Debug] Using DefaultViewService to render authorization response HTML
iisexpress.exe Information: 0 : 2018-09-17 07:42:36.862 +08:00 [Information] Start authorize request
iisexpress.exe Information: 0 : 2018-09-17 07:42:36.862 +08:00 [Information] Start authorize request protocol validation
iisexpress.exe Information: 0 : 2018-09-17 07:42:36.864 +08:00 [Information] "Authorize request validation success"
 "{
  \"ClientId\": \"OSIMHybrid\",
  \"ClientName\": \"OSIM Hybrid\",
  \"RedirectUri\": \"https://localhost:44333/\",
  \"AllowedRedirectUris\": [
    \"https://localhost:44333/\"
  ],
  \"SubjectId\": \"b05d3546-6ca8-4d32-b95c-77e94d705ddf\",
  \"ResponseType\": \"code id_token token\",
  \"ResponseMode\": \"form_post\",
  \"Flow\": \"Hybrid\",
  \"RequestedScopes\": \"openid profile roles\",
  \"State\": \"OpenIdConnect.AuthenticationProperties=EoGgDQw2r0e8oaGuY_ulQHUoPkkWwoP3uuKvxkfVPXrlR2iMl1xlRZ3pqiwoq9dVU3IbArNfkFTJ3yvKJGWvsTGfrmKS9eYBZ-6m3wY4Dz5NniAB8U9IFWWytnCXaEo0ac27Fu8AQu0Xz3SXE9LGfbeOTKFs53AHHrK4gRROgE9Kb-0yaZIVqa3MeaemZnRhdVPJiUb3SHyf4KZX50oacQ\",
  \"Nonce\": \"636727381568214256.YjMwYzgwODUtYTYwOC00ZmE4LWI4NjEtZjA2NmQxMDVkMzRiNjg1MGI3MGUtNGRjZC00ZWI0LWJjNGQtY2RjYWM5MzJhYTQ1\",
  \"SessionId\": \"1f0abf81cfa0fd982a072c9270239b64\",
  \"Raw\": {
    \"client_id\": \"OSIMHybrid\",
    \"redirect_uri\": \"https://localhost:44333/\",
    \"response_mode\": \"form_post\",
    \"response_type\": \"id_token code token\",
    \"scope\": \"openid profile roles\",
    \"state\": \"OpenIdConnect.AuthenticationProperties=EoGgDQw2r0e8oaGuY_ulQHUoPkkWwoP3uuKvxkfVPXrlR2iMl1xlRZ3pqiwoq9dVU3IbArNfkFTJ3yvKJGWvsTGfrmKS9eYBZ-6m3wY4Dz5NniAB8U9IFWWytnCXaEo0ac27Fu8AQu0Xz3SXE9LGfbeOTKFs53AHHrK4gRROgE9Kb-0yaZIVqa3MeaemZnRhdVPJiUb3SHyf4KZX50oacQ\",
    \"nonce\": \"636727381568214256.YjMwYzgwODUtYTYwOC00ZmE4LWI4NjEtZjA2NmQxMDVkMzRiNjg1MGI3MGUtNGRjZC00ZWI0LWJjNGQtY2RjYWM5MzJhYTQ1\",
    \"x-client-SKU\": \"ID_NET451\",
    \"x-client-ver\": \"5.2.1.0\"
  }
}"
iisexpress.exe Information: 0 : 2018-09-17 07:42:36.864 +08:00 [Information] Creating Hybrid Flow response.
iisexpress.exe Information: 0 : 2018-09-17 07:42:36.864 +08:00 [Information] Creating Implicit Flow response.
2018-09-17 07:42:36.865 +08:00 [Debug] Creating access token
2018-09-17 07:42:36.865 +08:00 [Debug] Creating JWT access token
2018-09-17 07:42:36.875 +08:00 [Debug] Creating identity token
iisexpress.exe Information: 0 : 2018-09-17 07:42:36.875 +08:00 [Information] Getting claims for identity token for subject: b05d3546-6ca8-4d32-b95c-77e94d705ddf
2018-09-17 07:42:36.875 +08:00 [Debug] Creating JWT identity token
2018-09-17 07:42:36.886 +08:00 [Debug] Adding client "OSIMHybrid" to client list cookie for subject "b05d3546-6ca8-4d32-b95c-77e94d705ddf"
iisexpress.exe Information: 0 : 2018-09-17 07:42:36.886 +08:00 [Information] End authorize request
iisexpress.exe Information: 0 : 2018-09-17 07:42:36.886 +08:00 [Information] Posting to https://localhost:44333/
2018-09-17 07:42:36.886 +08:00 [Debug] Using DefaultViewService to render authorization response HTML
